<?xml version="1.0" encoding="UTF-8"?>
<Site BuildName="(empty)"
	BuildStamp="20240908-1548-Experimental"
	Name="MAli7319"
	Generator="ctest-3.22.1"
	CompilerName="/usr/bin/c++"
	CompilerVersion="11.4.0"
	OSName="Linux"
	Hostname="MAli7319"
	OSRelease="6.8.0-40-generic"
	OSVersion="#40~22.04.3-Ubuntu SMP PREEMPT_DYNAMIC Tue Jul 30 17:30:19 UTC 2"
	OSPlatform="x86_64"
	Is64Bits="1"
	VendorString="GenuineIntel"
	VendorID="Intel Corporation"
	FamilyID="6"
	ModelID="154"
	ProcessorCacheSize="12288"
	NumberOfLogicalCPU="12"
	NumberOfPhysicalCPU="8"
	TotalVirtualMemory="0"
	TotalPhysicalMemory="15680"
	LogicalProcessorsPerPhysical="1"
	ProcessorClockFrequency="4100.08"
	>
	<Testing>
		<StartDateTime>Sep 08 18:48 +03</StartDateTime>
		<StartTestTime>1725810518</StartTestTime>
		<TestList/>
		<EndDateTime>Sep 08 18:48 +03</EndDateTime>
		<EndTestTime>1725810518</EndTestTime>
		<ElapsedMinutes>0</ElapsedMinutes>
	</Testing>
</Site>
