<?xml version="1.0" encoding="UTF-8"?>
<Site BuildName="(empty)"
	BuildStamp="20240730-1330-Experimental"
	Name="MAli7319"
	Generator="ctest-3.22.1"
	CompilerName="/usr/bin/c++"
	CompilerVersion="11.4.0"
	OSName="Linux"
	Hostname="MAli7319"
	OSRelease="6.5.0-44-generic"
	OSVersion="#44~22.04.1-Ubuntu SMP PREEMPT_DYNAMIC Tue Jun 18 14:36:16 UTC 2"
	OSPlatform="x86_64"
	Is64Bits="1"
	VendorString="GenuineIntel"
	VendorID="Intel Corporation"
	FamilyID="6"
	ModelID="154"
	ProcessorCacheSize="12288"
	NumberOfLogicalCPU="12"
	NumberOfPhysicalCPU="8"
	TotalVirtualMemory="0"
	TotalPhysicalMemory="15672"
	LogicalProcessorsPerPhysical="1"
	ProcessorClockFrequency="4144.33"
	>
	<Testing>
		<StartDateTime>Jul 30 16:30 +03</StartDateTime>
		<StartTestTime>1722346208</StartTestTime>
		<TestList/>
		<EndDateTime>Jul 30 16:30 +03</EndDateTime>
		<EndTestTime>1722346208</EndTestTime>
		<ElapsedMinutes>0</ElapsedMinutes>
	</Testing>
</Site>
